[2025-10-10 00:08:47,825] 20 root - INFO - Initiate the data ingestion
[2025-10-10 00:08:54,428] 78 root - INFO - Performed train test split on the dataframe
[2025-10-10 00:08:54,428] 80 root - INFO - Exited split_data_as_train_test method of Data_Ingestion class
[2025-10-10 00:08:54,428] 88 root - INFO - Exporting train and test file path.
[2025-10-10 00:08:54,486] 97 root - INFO - Exported train and test file path.
[2025-10-10 00:08:54,486] 22 root - INFO - Data initiation completed
[2025-10-10 00:08:54,489] 27 root - INFO - Initiate the data validation
[2025-10-10 00:08:54,511] 46 root - INFO - Required number of column :2
[2025-10-10 00:08:54,511] 47 root - INFO - DataFrame has columns :31
[2025-10-10 00:08:54,511] 46 root - INFO - Required number of column :2
[2025-10-10 00:08:54,511] 47 root - INFO - DataFrame has columns :31
[2025-10-10 00:08:54,512] 61 root - INFO - Numeric columns: ['having_IP_Address', 'URL_Length', 'Shortining_Service', 'having_At_Symbol', 'double_slash_redirecting', 'Prefix_Suffix', 'having_Sub_Domain', 'SSLfinal_State', 'Domain_registeration_length', 'Favicon', 'port', 'HTTPS_token', 'Request_URL', 'URL_of_Anchor', 'Links_in_tags', 'SFH', 'Submitting_to_email', 'Abnormal_URL', 'Redirect', 'on_mouseover', 'RightClick', 'popUpWidnow', 'Iframe', 'age_of_domain', 'DNSRecord', 'web_traffic', 'Page_Rank', 'Google_Index', 'Links_pointing_to_page', 'Statistical_report', 'Result']
[2025-10-10 00:08:54,513] 61 root - INFO - Numeric columns: ['having_IP_Address', 'URL_Length', 'Shortining_Service', 'having_At_Symbol', 'double_slash_redirecting', 'Prefix_Suffix', 'having_Sub_Domain', 'SSLfinal_State', 'Domain_registeration_length', 'Favicon', 'port', 'HTTPS_token', 'Request_URL', 'URL_of_Anchor', 'Links_in_tags', 'SFH', 'Submitting_to_email', 'Abnormal_URL', 'Redirect', 'on_mouseover', 'RightClick', 'popUpWidnow', 'Iframe', 'age_of_domain', 'DNSRecord', 'web_traffic', 'Page_Rank', 'Google_Index', 'Links_pointing_to_page', 'Statistical_report', 'Result']
[2025-10-10 00:08:54,666] 29 root - INFO - Data Validation Completed
[2025-10-10 00:08:54,666] 32 root - INFO - Initiate the data transformation
[2025-10-10 00:08:54,666] 68 root - INFO - Entered initiate_data_tranformatiob method of DataTransformation class
[2025-10-10 00:08:54,666] 70 root - INFO - Starting data tranformation
[2025-10-10 00:08:54,690] 53 root - INFO - Entered get data_tranformer_object method of Tranformation data
[2025-10-10 00:08:54,691] 57 root - INFO - Initialize KNNImputer with {'missing_values': nan, 'n_neighbors': 3, 'weights': 'uniform'}
[2025-10-10 00:08:54,700] 54 root - INFO - Entered the save_object method of MainUtils class
[2025-10-10 00:08:54,703] 58 root - INFO - Exited the save_object method of MainUtils class
[2025-10-10 00:08:54,703] 37 root - INFO - Data Transformation Completed
[2025-10-10 00:08:54,703] 40 root - INFO - Model Training Started
