[2025-10-09 23:33:36,183] 20 root - INFO - Initiate the data ingestion
[2025-10-09 23:33:52,251] 78 root - INFO - Performed train test split on the dataframe
[2025-10-09 23:33:52,251] 80 root - INFO - Exited split_data_as_train_test method of Data_Ingestion class
[2025-10-09 23:33:52,251] 88 root - INFO - Exporting train and test file path.
[2025-10-09 23:33:52,310] 97 root - INFO - Exported train and test file path.
[2025-10-09 23:33:52,311] 22 root - INFO - Data initiation completed
[2025-10-09 23:33:52,314] 27 root - INFO - Initiate the data validation
[2025-10-09 23:33:52,340] 46 root - INFO - Required number of column :2
[2025-10-09 23:33:52,340] 47 root - INFO - DataFrame has columns :31
[2025-10-09 23:33:52,340] 46 root - INFO - Required number of column :2
[2025-10-09 23:33:52,340] 47 root - INFO - DataFrame has columns :31
[2025-10-09 23:33:52,343] 61 root - INFO - Numeric columns: ['having_IP_Address', 'URL_Length', 'Shortining_Service', 'having_At_Symbol', 'double_slash_redirecting', 'Prefix_Suffix', 'having_Sub_Domain', 'SSLfinal_State', 'Domain_registeration_length', 'Favicon', 'port', 'HTTPS_token', 'Request_URL', 'URL_of_Anchor', 'Links_in_tags', 'SFH', 'Submitting_to_email', 'Abnormal_URL', 'Redirect', 'on_mouseover', 'RightClick', 'popUpWidnow', 'Iframe', 'age_of_domain', 'DNSRecord', 'web_traffic', 'Page_Rank', 'Google_Index', 'Links_pointing_to_page', 'Statistical_report', 'Result']
[2025-10-09 23:33:52,343] 61 root - INFO - Numeric columns: ['having_IP_Address', 'URL_Length', 'Shortining_Service', 'having_At_Symbol', 'double_slash_redirecting', 'Prefix_Suffix', 'having_Sub_Domain', 'SSLfinal_State', 'Domain_registeration_length', 'Favicon', 'port', 'HTTPS_token', 'Request_URL', 'URL_of_Anchor', 'Links_in_tags', 'SFH', 'Submitting_to_email', 'Abnormal_URL', 'Redirect', 'on_mouseover', 'RightClick', 'popUpWidnow', 'Iframe', 'age_of_domain', 'DNSRecord', 'web_traffic', 'Page_Rank', 'Google_Index', 'Links_pointing_to_page', 'Statistical_report', 'Result']
[2025-10-09 23:33:52,462] 29 root - INFO - Data Validation Completed
[2025-10-09 23:33:52,462] 32 root - INFO - Initiate the data transformation
[2025-10-09 23:33:52,462] 68 root - INFO - Entered initiate_data_tranformatiob method of DataTransformation class
[2025-10-09 23:33:52,462] 70 root - INFO - Starting data tranformation
[2025-10-09 23:33:52,484] 53 root - INFO - Entered get data_tranformer_object method of Tranformation data
[2025-10-09 23:33:52,484] 57 root - INFO - Initialize KNNImputer with {'missing_values': nan, 'n_neighbors': 3, 'weights': 'uniform'}
[2025-10-09 23:33:52,496] 54 root - INFO - Entered the save_object method of MainUtils class
[2025-10-09 23:33:52,500] 58 root - INFO - Exited the save_object method of MainUtils class
[2025-10-09 23:33:52,502] 37 root - INFO - Data Transformation Completed
[2025-10-09 23:33:52,502] 40 root - INFO - Model Training Started
[2025-10-09 23:37:52,334] 54 root - INFO - Entered the save_object method of MainUtils class
[2025-10-09 23:37:52,352] 58 root - INFO - Exited the save_object method of MainUtils class
[2025-10-09 23:37:52,352] 126 root - INFO - Model trainer artifact : ModelTrainerArtifact(trained_model_file_path='Artifacts/10_09_2025_23_33_35/model_trainer/trained_model/model.pkl', train_metric_artifact=ClassificationMetricArtifact(f1_score=0.991459038762824, precision_score=0.9898082744702321, recall_score=0.9931153184165232), test_metric_artifact=ClassificationMetricArtifact(f1_score=0.9858693426172435, precision_score=0.9840556009811938, recall_score=0.9876897825194911))
[2025-10-09 23:37:52,353] 45 root - INFO - Model Trainer Artifact completed
