[2025-10-10 00:15:56,702] 20 root - INFO - Initiate the data ingestion
[2025-10-10 00:16:02,524] 78 root - INFO - Performed train test split on the dataframe
[2025-10-10 00:16:02,524] 80 root - INFO - Exited split_data_as_train_test method of Data_Ingestion class
[2025-10-10 00:16:02,524] 88 root - INFO - Exporting train and test file path.
[2025-10-10 00:16:02,574] 97 root - INFO - Exported train and test file path.
[2025-10-10 00:16:02,574] 22 root - INFO - Data initiation completed
[2025-10-10 00:16:02,577] 27 root - INFO - Initiate the data validation
[2025-10-10 00:16:02,596] 46 root - INFO - Required number of column :2
[2025-10-10 00:16:02,596] 47 root - INFO - DataFrame has columns :31
[2025-10-10 00:16:02,596] 46 root - INFO - Required number of column :2
[2025-10-10 00:16:02,596] 47 root - INFO - DataFrame has columns :31
[2025-10-10 00:16:02,597] 61 root - INFO - Numeric columns: ['having_IP_Address', 'URL_Length', 'Shortining_Service', 'having_At_Symbol', 'double_slash_redirecting', 'Prefix_Suffix', 'having_Sub_Domain', 'SSLfinal_State', 'Domain_registeration_length', 'Favicon', 'port', 'HTTPS_token', 'Request_URL', 'URL_of_Anchor', 'Links_in_tags', 'SFH', 'Submitting_to_email', 'Abnormal_URL', 'Redirect', 'on_mouseover', 'RightClick', 'popUpWidnow', 'Iframe', 'age_of_domain', 'DNSRecord', 'web_traffic', 'Page_Rank', 'Google_Index', 'Links_pointing_to_page', 'Statistical_report', 'Result']
[2025-10-10 00:16:02,597] 61 root - INFO - Numeric columns: ['having_IP_Address', 'URL_Length', 'Shortining_Service', 'having_At_Symbol', 'double_slash_redirecting', 'Prefix_Suffix', 'having_Sub_Domain', 'SSLfinal_State', 'Domain_registeration_length', 'Favicon', 'port', 'HTTPS_token', 'Request_URL', 'URL_of_Anchor', 'Links_in_tags', 'SFH', 'Submitting_to_email', 'Abnormal_URL', 'Redirect', 'on_mouseover', 'RightClick', 'popUpWidnow', 'Iframe', 'age_of_domain', 'DNSRecord', 'web_traffic', 'Page_Rank', 'Google_Index', 'Links_pointing_to_page', 'Statistical_report', 'Result']
[2025-10-10 00:16:02,706] 29 root - INFO - Data Validation Completed
[2025-10-10 00:16:02,706] 32 root - INFO - Initiate the data transformation
[2025-10-10 00:16:02,706] 68 root - INFO - Entered initiate_data_tranformatiob method of DataTransformation class
[2025-10-10 00:16:02,706] 70 root - INFO - Starting data tranformation
[2025-10-10 00:16:02,728] 53 root - INFO - Entered get data_tranformer_object method of Tranformation data
[2025-10-10 00:16:02,728] 57 root - INFO - Initialize KNNImputer with {'missing_values': nan, 'n_neighbors': 3, 'weights': 'uniform'}
[2025-10-10 00:16:02,736] 54 root - INFO - Entered the save_object method of MainUtils class
[2025-10-10 00:16:02,738] 58 root - INFO - Exited the save_object method of MainUtils class
[2025-10-10 00:16:02,739] 37 root - INFO - Data Transformation Completed
[2025-10-10 00:16:02,739] 40 root - INFO - Model Training Started
[2025-10-10 00:30:37,024] 54 root - INFO - Entered the save_object method of MainUtils class
[2025-10-10 00:30:37,027] 58 root - INFO - Exited the save_object method of MainUtils class
[2025-10-10 00:30:37,027] 148 root - INFO - Model trainer artifact : ModelTrainerArtifact(trained_model_file_path='Artifacts/10_10_2025_00_15_56/model_trainer/trained_model/model.pkl', train_metric_artifact=ClassificationMetricArtifact(f1_score=0.9904413260117958, precision_score=0.9880300263745182, recall_score=0.9928644240570846), test_metric_artifact=ClassificationMetricArtifact(f1_score=0.9876346230554448, precision_score=0.9864541832669322, recall_score=0.9888178913738019))
[2025-10-10 00:30:37,027] 45 root - INFO - Model Trainer Artifact completed
