[2025-10-10 00:46:49,281] 20 root - INFO - Initiate the data ingestion
[2025-10-10 00:47:03,631] 78 root - INFO - Performed train test split on the dataframe
[2025-10-10 00:47:03,631] 80 root - INFO - Exited split_data_as_train_test method of Data_Ingestion class
[2025-10-10 00:47:03,631] 88 root - INFO - Exporting train and test file path.
[2025-10-10 00:47:03,682] 97 root - INFO - Exported train and test file path.
[2025-10-10 00:47:03,683] 22 root - INFO - Data initiation completed
[2025-10-10 00:47:03,686] 27 root - INFO - Initiate the data validation
[2025-10-10 00:47:03,707] 46 root - INFO - Required number of column :2
[2025-10-10 00:47:03,708] 47 root - INFO - DataFrame has columns :31
[2025-10-10 00:47:03,708] 46 root - INFO - Required number of column :2
[2025-10-10 00:47:03,708] 47 root - INFO - DataFrame has columns :31
[2025-10-10 00:47:03,709] 61 root - INFO - Numeric columns: ['having_IP_Address', 'URL_Length', 'Shortining_Service', 'having_At_Symbol', 'double_slash_redirecting', 'Prefix_Suffix', 'having_Sub_Domain', 'SSLfinal_State', 'Domain_registeration_length', 'Favicon', 'port', 'HTTPS_token', 'Request_URL', 'URL_of_Anchor', 'Links_in_tags', 'SFH', 'Submitting_to_email', 'Abnormal_URL', 'Redirect', 'on_mouseover', 'RightClick', 'popUpWidnow', 'Iframe', 'age_of_domain', 'DNSRecord', 'web_traffic', 'Page_Rank', 'Google_Index', 'Links_pointing_to_page', 'Statistical_report', 'Result']
[2025-10-10 00:47:03,709] 61 root - INFO - Numeric columns: ['having_IP_Address', 'URL_Length', 'Shortining_Service', 'having_At_Symbol', 'double_slash_redirecting', 'Prefix_Suffix', 'having_Sub_Domain', 'SSLfinal_State', 'Domain_registeration_length', 'Favicon', 'port', 'HTTPS_token', 'Request_URL', 'URL_of_Anchor', 'Links_in_tags', 'SFH', 'Submitting_to_email', 'Abnormal_URL', 'Redirect', 'on_mouseover', 'RightClick', 'popUpWidnow', 'Iframe', 'age_of_domain', 'DNSRecord', 'web_traffic', 'Page_Rank', 'Google_Index', 'Links_pointing_to_page', 'Statistical_report', 'Result']
[2025-10-10 00:47:03,822] 29 root - INFO - Data Validation Completed
[2025-10-10 00:47:03,822] 32 root - INFO - Initiate the data transformation
[2025-10-10 00:47:03,822] 68 root - INFO - Entered initiate_data_tranformatiob method of DataTransformation class
[2025-10-10 00:47:03,822] 70 root - INFO - Starting data tranformation
[2025-10-10 00:47:03,845] 53 root - INFO - Entered get data_tranformer_object method of Tranformation data
[2025-10-10 00:47:03,845] 57 root - INFO - Initialize KNNImputer with {'missing_values': nan, 'n_neighbors': 3, 'weights': 'uniform'}
[2025-10-10 00:47:03,859] 54 root - INFO - Entered the save_object method of MainUtils class
[2025-10-10 00:47:03,863] 58 root - INFO - Exited the save_object method of MainUtils class
[2025-10-10 00:47:03,864] 37 root - INFO - Data Transformation Completed
[2025-10-10 00:47:03,864] 40 root - INFO - Model Training Started
[2025-10-10 00:49:42,545] 54 root - INFO - Entered the save_object method of MainUtils class
[2025-10-10 00:49:42,571] 58 root - INFO - Exited the save_object method of MainUtils class
[2025-10-10 00:49:42,572] 149 root - INFO - Model trainer artifact : ModelTrainerArtifact(trained_model_file_path='Artifacts/10_10_2025_00_46_48/model_trainer/trained_model/model.pkl', train_metric_artifact=ClassificationMetricArtifact(f1_score=0.9907477627787047, precision_score=0.9879007864488808, recall_score=0.9936111956191056), test_metric_artifact=ClassificationMetricArtifact(f1_score=0.9880056922138646, precision_score=0.9854014598540146, recall_score=0.990623726049735))
[2025-10-10 00:49:42,572] 45 root - INFO - Model Trainer Artifact completed
